
ROM used:   4229/8192 (52%)
            5415/8192 (66%) including unused fragments

            1.7 Average locations per line
            5.1 Average locations per statement

RAM used:   123/368 (33%) at main() level
            148/368 (40%) worst case

Stack used: 5 worst case (5 in main + 0 for interrupts)
Stack size: 8

Lines Stmts  %   Files
----- ----- ---  -----
  769   499  60  DoAn1_N_T.c
  639     0   0  D:\APP\PICC\Devices\16f877.h
  326   128  15  D:\APP\PICC\Drivers\stdlibm.h
   32     0   0  D:\APP\PICC\Drivers\stddef.h
   76    13   2  D:\APP\PICC\Drivers\memmgmt.c
  423   125  15  D:\APP\PICC\Drivers\string.h
   28     0   0  D:\APP\PICC\Drivers\ctype.h
  100    26   3  ..\LCD\LCD2004.c
   70    44   5  ..\DS1307\DS1307.c
----- -----
 2463   835 Total

Page ROM  %  RAM   Vol Diff  Functions:
---- --- --- ---   --- ----  ----------
0     75   2    3             @I2C_READ_1
0     74   2    1             @I2C_WRITE_1
 Inline         8   150  3.6  create_node
0     10   0    6    60  3.1  update_node
 Inline         8   180  4.5  insert_node_after
 Inline         8   192  3.8  remove_node
 Inline        10   705  9.2  traverse
 Inline        12   853 11.5  malloc
1    283   7    7   380  6.3  free
0     70   2    5   231  6.6  strcmp
0     20   0    1             @delay_ms1
0     70   2    0             @const769
0     24   1    2   110  1.7  lcd_out
0     11   0    1    47  1.2  lcd_command
0     11   0    0    32  1.0  lcd_clear
0     11   0    1    47  1.2  lcd_data
0     20   0    7   140  3.7  lcd_goto_xy
0     49   1    5   276  6.2  sl
0     39   1    2             @MUL88
0     38   1    0   170  0.8  lcd_setup
 Inline         0   351  1.9  DOC_THOI_GIAN_TU_REALTIME
0     87   2    5   737  8.6  KEY_NHAN
0     93   2    6   292  5.5  writeEEPROM
0     44   1    7   314  7.5  readEEPROM
 Inline         1    74  1.5  manHinhThongBaoSai
0     11   0    0             @const851
0    116   3    4             @PSTRINGC7_781
0     11   0    5    63  3.0  inputData
0     27   1    4   125  2.8  DisplayInputTK
0     37   1    3   162  4.0  DisplayInputMK
0     53   1    0   216  1.8  mHAdmin
0     11   0    0             @const865
0     10   0    0             @const866
0     10   0    0             @const867
0      4   0    0             @const868
0     41   1    0   158  1.7  mHUser
0      8   0    0             @const870
0      4   0    0             @const871
0      3   0    0             @const872
0     22   1    3   187  3.6  resetTKMK
 Inline        10   877  5.3  checkMK
0     67   2   12   366  6.3  checkTK
0     59   1    0   253  1.8  manHinhDangNhap
0      2   0    0             @const881
0      2   0    0             @const882
0      8   0    0             @const883
0     10   0    0             @const884
0     29   1    0    21  1.0  xulyDangNhapSai
0    257   6    1    74  2.6  kiemTraTKMK
0     47   1    0   209  1.7  manHinhThemUser
0      2   0    0             @const888
0      2   0    0             @const889
0      5   0    0             @const890
 Inline         0    69  1.4  manHinhXoaTaiKhoan
0      2   0    0             @const892
1     39   1    0   104  1.6  manHinhDoiMatKhau
0      7   0    0             @const894
0      2   0    0             @const895
1     34   1    1    74  1.5  thongBaoDoiMKTC
0     11   0    0             @const897
0     76   2    2   588  7.2  xuLyInputTK
0     69   2    1   527  7.1  xulyInputMK
0      8   0    0    57  1.5  thietLapAdmin1
0     22   1    0    57  1.5  thietLapAdmin2
0     33   1    0   165  2.1  thietLapAdmin3
0      7   0    0             @const904
0      2   0    0             @const905
0      6   0    0    76  1.6  backAdmin
1    353   8    4   280  6.0  readAllEpprom
 Inline         4   169  5.0  hienthi
1    164   4    5   465  5.6  hienThiNDungCtRaLCD
0     23   1    3             @DIV88
0      1   0    0             @const920
0      2   0    0             @const921
0     62   1    1   421  6.4  xuLyXemThem
0     11   0    0             @const924
2   1319  31   15 10270 12.1  MAIN
0     10   0    0             @const933
0     10   0    0             @const934
0      3   0    0             @const935
0      2   0    0             @const936
0     11   0    0             @const937
0      9   0    0             @const938
0     11   0    0             @const939
0      8   0    0             @const940
0     10   0    0             @const941
0     11   0    0             @const942
 Inline         0             @cinit1

Program metrics:
    Functions               46
    Statements              835
    Comments                379
    Volume (V)              35555
    Difficulty (D)          182.6
    Effort to implement (E) 6493189
    Time to implement (T)   100 hours, 12 minutes
    Est Delivered Bugs (B)  12
    Cyclomatic Complexity   98
    Maintainability (MI)    41

 Segment     Used  Free
-----------  ----  ----
00000-00003     4  0  
00004-007FF  2033  11  
00800-00FFF   873  1175  
01000-017FF  1319  729  
01800-01FFF     0  2048  



